2024-12-02 15:39:23 [INFO]: Incoming request: GET /
2024-12-02 15:39:23 [INFO]: Incoming request: GET /favicon.ico
2024-12-02 15:39:51 [INFO]: Incoming request: GET /user
2024-12-02 15:40:42 [INFO]: Incoming request: GET /user
2024-12-02 15:40:42 [INFO]: Incoming request: GET /user
2024-12-02 15:40:42 [INFO]: Incoming request: GET /user
2024-12-02 15:40:42 [INFO]: Incoming request: GET /user
2024-12-02 15:46:18 [INFO]: Incoming request: GET /user-profile
2024-12-02 15:46:30 [INFO]: Incoming request: GET /user/user-profile
2024-12-02 15:53:03 [INFO]: Incoming request: GET /user/user-profile
2024-12-02 15:53:14 [INFO]: Incoming request: GET /user/user-profil
2024-12-02 15:53:33 [INFO]: Incoming request: GET /user/user-profile
2024-12-02 15:56:33 [INFO]: Incoming request: GET /user/user-profile
2024-12-02 15:56:42 [INFO]: Incoming request: GET /user/user-pofile
2024-12-02 16:00:08 [INFO]: Incoming request: GET /user/user-pofile
2024-12-02 16:00:08 [ERROR]: Incorrect route: GET /user/user-pofile
2024-12-02 16:02:15 [INFO]: Incoming request: GET /user/user-pofile
2024-12-02 16:02:15 [ERROR]: Incorrect route: GET /user/user-pofile
2024-12-02 16:02:31 [INFO]: Incoming request: GET /user/user-profile
2024-12-02 16:02:31 [ERROR]: Incorrect route: GET /user/user-profile
2024-12-02 16:02:35 [INFO]: Incoming request: GET /user/user-profile
2024-12-02 16:02:35 [ERROR]: Incorrect route: GET /user/user-profile
2024-12-02 16:03:09 [INFO]: Incoming request: GET /user/user-profile
2024-12-02 16:03:09 [ERROR]: Incorrect route: GET /user/user-profile
2024-12-02 16:03:33 [INFO]: Incoming request: GET /user/
2024-12-02 16:03:33 [ERROR]: Incorrect route: GET /user/
2024-12-02 16:04:03 [INFO]: Incoming request: GET /user/
2024-12-02 16:04:03 [ERROR]: Incorrect route: GET /user/
2024-12-02 16:04:17 [INFO]: Incoming request: GET /user/
2024-12-02 16:04:17 [ERROR]: Incorrect route: GET /user/
2024-12-02 16:04:21 [INFO]: Incoming request: GET /
2024-12-02 16:04:21 [ERROR]: Incorrect route: GET /
2024-12-02 16:04:25 [INFO]: Incoming request: GET /
2024-12-02 16:04:25 [ERROR]: Incorrect route: GET /
2024-12-02 16:04:48 [INFO]: Incoming request: GET /
2024-12-02 16:04:48 [ERROR]: Incorrect route: GET /
2024-12-02 16:05:08 [INFO]: Incoming request: GET /
2024-12-02 16:06:05 [INFO]: Incoming request: GET /
2024-12-02 16:06:05 [ERROR]: Incorrect route: GET /
2024-12-02 16:06:06 [INFO]: Incoming request: GET /
2024-12-02 16:06:06 [ERROR]: Incorrect route: GET /
2024-12-02 16:06:53 [INFO]: Incoming request: GET /
2024-12-02 16:06:53 [ERROR]: Incorrect route: GET /
2024-12-02 16:07:02 [INFO]: Incoming request: GET /
2024-12-02 16:07:02 [ERROR]: Incorrect route: GET /
2024-12-02 16:07:40 [INFO]: Incoming request: GET /
2024-12-02 16:07:41 [INFO]: Incoming request: GET /
2024-12-02 16:07:41 [INFO]: Incoming request: GET /
2024-12-02 16:07:42 [INFO]: Incoming request: GET /
2024-12-02 16:07:45 [INFO]: Incoming request: GET /users/login
2024-12-02 16:07:50 [INFO]: Incoming request: GET /users
2024-12-02 16:07:54 [INFO]: Incoming request: GET /user
2024-12-02 16:07:59 [INFO]: Incoming request: GET /user/user-profile
2024-12-02 16:09:35 [INFO]: Incoming request: GET /user/user-profile
2024-12-02 16:09:35 [ERROR]: incorrect route : GET /user/user-profile
2024-12-02 16:10:02 [INFO]: Incoming request: GET /user/user-profile
2024-12-02 16:10:11 [INFO]: Incoming request: GET /user/user-profile
2024-12-02 16:11:35 [INFO]: Incoming request: GET /user/user-profile
2024-12-02 16:11:35 [ERROR]: Incorrect route: GET /user/user-profile
2024-12-02 16:11:36 [INFO]: Incoming request: GET /user/user-profile
2024-12-02 16:11:36 [ERROR]: Incorrect route: GET /user/user-profile
2024-12-02 16:12:25 [INFO]: Incoming request: GET /user/user-profile
2024-12-02 16:12:25 [ERROR]: Incorrect route: GET /user/user-profile
2024-12-02 16:12:26 [INFO]: Incoming request: GET /user/user-profile
2024-12-02 16:12:26 [ERROR]: Incorrect route: GET /user/user-profile
2024-12-02 16:12:33 [INFO]: Incoming request: GET /user/user-profile
2024-12-02 16:12:33 [ERROR]: Incorrect route: GET /user/user-profile
2024-12-02 16:12:34 [INFO]: Incoming request: GET /user/user-profile
2024-12-02 16:12:34 [ERROR]: Incorrect route: GET /user/user-profile
2024-12-02 16:12:34 [INFO]: Incoming request: GET /user/user-profile
2024-12-02 16:12:34 [ERROR]: Incorrect route: GET /user/user-profile
2024-12-02 16:12:34 [INFO]: Incoming request: GET /user/user-profile
2024-12-02 16:12:34 [ERROR]: Incorrect route: GET /user/user-profile
2024-12-02 16:17:02 [INFO]: Incoming request: GET /user/user-profile
2024-12-02 16:18:03 [INFO]: Incoming request: GET /user/user-profile
2024-12-02 16:18:10 [INFO]: Incoming request: GET /user/user-
2024-12-02 16:18:10 [ERROR]: Incorrect route: GET /user/user-
2024-12-03 11:23:41 [INFO]: Incoming request: GET /
2024-12-03 11:23:41 [INFO]: Incoming request: GET /favicon.ico
2024-12-03 11:23:41 [ERROR]: Incorrect route: GET /favicon.ico
2024-12-03 11:24:01 [INFO]: Incoming request: GET /user
2024-12-03 11:24:17 [INFO]: Incoming request: GET /user
2024-12-03 11:24:41 [INFO]: Incoming request: GET /user
2024-12-03 11:25:11 [INFO]: Incoming request: GET /user
2024-12-03 11:25:14 [INFO]: Incoming request: GET /user
2024-12-03 11:25:15 [INFO]: Incoming request: GET /user
2024-12-03 11:25:15 [INFO]: Incoming request: GET /user
2024-12-03 11:25:34 [INFO]: Incoming request: GET /user
2024-12-03 11:25:35 [INFO]: Incoming request: GET /user
2024-12-03 11:25:35 [INFO]: Incoming request: GET /user
2024-12-03 11:25:35 [INFO]: Incoming request: GET /user
2024-12-03 11:25:36 [INFO]: Incoming request: GET /user
2024-12-03 11:25:36 [INFO]: Incoming request: GET /user
2024-12-03 11:25:36 [INFO]: Incoming request: GET /user
2024-12-03 11:25:39 [INFO]: Incoming request: GET /
2024-12-03 11:25:45 [INFO]: Incoming request: GET /user
2024-12-03 11:36:56 [INFO]: Incoming request: POST /user//register-user
2024-12-03 11:37:49 [INFO]: Incoming request: POST /user/register-user
2024-12-03 11:38:03 [INFO]: Incoming request: POST /user/register-user
2024-12-03 11:40:06 [INFO]: Incoming request: POST /user/register-user
2024-12-03 11:41:01 [INFO]: Incoming request: POST /user/register-user
2024-12-03 11:42:00 [INFO]: Incoming request: POST /user/register-user
2024-12-03 11:42:31 [INFO]: Incoming request: POST /user/register-user
2024-12-03 11:43:48 [INFO]: Incoming request: POST /user/register-user
2024-12-03 11:44:48 [INFO]: Incoming request: POST /user//register-user
2024-12-03 11:48:02 [INFO]: Incoming request: POST /user//register-user
2024-12-03 11:49:53 [INFO]: Incoming request: POST /user/register-user
2024-12-03 11:52:37 [INFO]: Incoming request: POST /user/register-user
2024-12-03 11:53:09 [INFO]: Incoming request: POST /user/register-user
2024-12-03 11:54:33 [INFO]: Incoming request: POST /user/register-user
2024-12-03 11:55:24 [INFO]: Incoming request: POST /user/register-user
2024-12-03 11:57:05 [INFO]: Incoming request: POST /user/register-user
2024-12-03 11:57:57 [INFO]: Incoming request: POST /user/register-user
2024-12-03 12:00:35 [INFO]: Incoming request: POST /user/register-user
2024-12-03 12:08:24 [INFO]: Incoming request: POST /user/verify-user
2024-12-03 12:09:18 [INFO]: Incoming request: POST /user/register-user
2024-12-03 12:10:13 [INFO]: Incoming request: POST /user/register-user
2024-12-03 12:11:05 [INFO]: Incoming request: POST /user/verify-user
2024-12-03 12:18:43 [INFO]: Incoming request: POST /user/login-user
2024-12-03 12:18:51 [INFO]: Incoming request: POST /user/login-user
2024-12-03 12:32:58 [INFO]: Incoming request: POST /user/login-user
2024-12-03 12:41:12 [INFO]: Incoming request: GET /user/user-details
2024-12-03 12:41:12 [ERROR]: Incorrect route: GET /user/user-details
2024-12-03 12:41:43 [INFO]: Incoming request: GET /user/user-details
2024-12-03 12:41:43 [ERROR]: Incorrect route: GET /user/user-details
2024-12-03 12:42:24 [INFO]: Incoming request: GET /user/user-details
2024-12-03 12:42:24 [ERROR]: Incorrect route: GET /user/user-details
2024-12-03 12:42:50 [INFO]: Incoming request: GET /user/user-details
2024-12-03 12:42:50 [ERROR]: Incorrect route: GET /user/user-details
2024-12-03 12:43:08 [INFO]: Incoming request: POST /user/login-user
2024-12-03 12:44:01 [INFO]: Incoming request: GET /user/user-details
2024-12-03 12:44:01 [ERROR]: Incorrect route: GET /user/user-details
2024-12-03 12:44:14 [INFO]: Incoming request: GET /user/user-details
2024-12-03 12:44:14 [ERROR]: Incorrect route: GET /user/user-details
2024-12-03 12:45:00 [INFO]: Incoming request: POST /user/user-details
2024-12-03 12:45:00 [ERROR]: Incorrect route: POST /user/user-details
2024-12-03 12:45:33 [INFO]: Incoming request: POST /user/user-details
2024-12-03 12:45:33 [ERROR]: Incorrect route: POST /user/user-details
2024-12-03 12:47:31 [INFO]: Incoming request: POST /user/user-details
2024-12-03 12:47:31 [ERROR]: Incorrect route: POST /user/user-details
2024-12-03 12:48:06 [INFO]: Incoming request: POST /user/login-user
2024-12-03 12:48:41 [INFO]: Incoming request: POST /user/user-details
2024-12-03 12:48:41 [ERROR]: Incorrect route: POST /user/user-details
2024-12-03 12:51:32 [INFO]: Incoming request: GET /user/user-details
2024-12-03 12:51:32 [ERROR]: Incorrect route: GET /user/user-details
2024-12-03 12:52:30 [INFO]: Incoming request: GET /user/user-details
2024-12-03 12:53:12 [INFO]: Incoming request: GET /user/user-details
2024-12-03 12:53:34 [INFO]: Incoming request: GET /user/user-details
2024-12-03 12:59:25 [INFO]: Incoming request: POST /user/login-user
2024-12-03 12:59:59 [INFO]: Incoming request: GET /user/user-details
2024-12-03 13:01:15 [INFO]: Incoming request: GET /user/user-details
2024-12-03 13:01:33 [INFO]: Incoming request: GET /user/user-details
2024-12-03 13:03:44 [INFO]: Incoming request: GET /user/user-details
2024-12-03 13:04:08 [INFO]: Incoming request: GET /user/user-details
2024-12-03 13:04:52 [INFO]: Incoming request: GET /user/user-details
2024-12-03 13:05:03 [INFO]: Incoming request: POST /user/login-user
2024-12-03 13:05:10 [INFO]: Incoming request: POST /user/verify-user
2024-12-03 13:05:32 [INFO]: Incoming request: POST /user/register-user
2024-12-03 13:26:04 [INFO]: Incoming request: POST /user/register-user
2024-12-03 13:26:55 [INFO]: Incoming request: POST /user/register-user
2024-12-03 13:28:37 [INFO]: Incoming request: POST /user/register-user
2024-12-03 13:29:29 [INFO]: Incoming request: POST /user/register-user
2024-12-03 13:29:56 [INFO]: Incoming request: POST /user/login-user
